[debug] [2023-02-24T17:20:32.150Z] ----------------------------------------------------------------------
[debug] [2023-02-24T17:20:32.152Z] Command:       C:\Program Files\nodejs\node.exe C:\Users\LENOVO\AppData\Roaming\npm\node_modules\firebase-tools\lib\bin\firebase.js deploy
[debug] [2023-02-24T17:20:32.153Z] CLI Version:   11.15.0
[debug] [2023-02-24T17:20:32.153Z] Platform:      win32
[debug] [2023-02-24T17:20:32.153Z] Node Version:  v16.14.0
[debug] [2023-02-24T17:20:32.160Z] Time:          Fri Feb 24 2023 14:20:32 GMT-0300 (hora estándar de Argentina)
[debug] [2023-02-24T17:20:32.161Z] ----------------------------------------------------------------------
[debug] 
[debug] [2023-02-24T17:20:32.165Z] >>> [apiv2][query] GET https://firebase-public.firebaseio.com/cli.json [none]
[debug] [2023-02-24T17:20:32.254Z] > command requires scopes: ["email","openid","https://www.googleapis.com/auth/cloudplatformprojects.readonly","https://www.googleapis.com/auth/firebase","https://www.googleapis.com/auth/cloud-platform"]
[debug] [2023-02-24T17:20:32.255Z] > authorizing via signed-in user (catalinabenegas@gmail.com)
[debug] [2023-02-24T17:20:32.255Z] [iam] checking project miportfolio-8701f for permissions ["firebase.projects.get","firebasehosting.sites.update"]
[debug] [2023-02-24T17:20:32.256Z] > refreshing access token with scopes: []
[debug] [2023-02-24T17:20:32.257Z] >>> [apiv2][query] POST https://www.googleapis.com/oauth2/v3/token [none]
[debug] [2023-02-24T17:20:32.257Z] >>> [apiv2][body] POST https://www.googleapis.com/oauth2/v3/token [omitted]
[debug] [2023-02-24T17:20:32.565Z] <<< [apiv2][status] POST https://www.googleapis.com/oauth2/v3/token 400
[debug] [2023-02-24T17:20:32.565Z] <<< [apiv2][body] POST https://www.googleapis.com/oauth2/v3/token [omitted]
[debug] [2023-02-24T17:20:32.566Z] >>> [apiv2][query] POST https://cloudresourcemanager.googleapis.com/v1/projects/miportfolio-8701f:testIamPermissions [none]
[debug] [2023-02-24T17:20:32.566Z] >>> [apiv2][(partial)header] POST https://cloudresourcemanager.googleapis.com/v1/projects/miportfolio-8701f:testIamPermissions x-goog-quota-user=projects/miportfolio-8701f
[debug] [2023-02-24T17:20:32.566Z] >>> [apiv2][body] POST https://cloudresourcemanager.googleapis.com/v1/projects/miportfolio-8701f:testIamPermissions {"permissions":["firebase.projects.get","firebasehosting.sites.update"]}
[debug] [2023-02-24T17:20:32.727Z] <<< [apiv2][status] GET https://firebase-public.firebaseio.com/cli.json 200
[debug] [2023-02-24T17:20:32.727Z] <<< [apiv2][body] GET https://firebase-public.firebaseio.com/cli.json {"cloudBuildErrorAfter":1594252800000,"cloudBuildWarnAfter":1590019200000,"defaultNode10After":1594252800000,"minVersion":"3.0.5","node8DeploysDisabledAfter":1613390400000,"node8RuntimeDisabledAfter":1615809600000,"node8WarnAfter":1600128000000}
[debug] [2023-02-24T17:20:34.840Z] <<< [apiv2][status] POST https://cloudresourcemanager.googleapis.com/v1/projects/miportfolio-8701f:testIamPermissions 401
[debug] [2023-02-24T17:20:34.840Z] <<< [apiv2][body] POST https://cloudresourcemanager.googleapis.com/v1/projects/miportfolio-8701f:testIamPermissions {"error":{"code":401,"message":"Request had invalid authentication credentials. Expected OAuth 2 access token, login cookie or other valid authentication credential. See https://developers.google.com/identity/sign-in/web/devconsole-project.","status":"UNAUTHENTICATED","details":[{"@type":"type.googleapis.com/google.rpc.ErrorInfo","reason":"ACCESS_TOKEN_TYPE_UNSUPPORTED","metadata":{"service":"cloudresourcemanager.googleapis.com","method":"google.cloudresourcemanager.v1.Projects.TestIamPermissions"}}]}}
[debug] [2023-02-24T17:20:34.841Z] [iam] error while checking permissions, command may fail: FirebaseError: HTTP Error: 401, Request had invalid authentication credentials. Expected OAuth 2 access token, login cookie or other valid authentication credential. See https://developers.google.com/identity/sign-in/web/devconsole-project.
[debug] [2023-02-24T17:20:34.842Z] > refreshing access token with scopes: []
[debug] [2023-02-24T17:20:34.842Z] >>> [apiv2][query] POST https://www.googleapis.com/oauth2/v3/token [none]
[debug] [2023-02-24T17:20:34.842Z] >>> [apiv2][body] POST https://www.googleapis.com/oauth2/v3/token [omitted]
[debug] [2023-02-24T17:20:35.067Z] <<< [apiv2][status] POST https://www.googleapis.com/oauth2/v3/token 400
[debug] [2023-02-24T17:20:35.067Z] <<< [apiv2][body] POST https://www.googleapis.com/oauth2/v3/token [omitted]
[debug] [2023-02-24T17:20:35.068Z] >>> [apiv2][query] GET https://firebase.googleapis.com/v1beta1/projects/miportfolio-8701f [none]
[debug] [2023-02-24T17:20:35.338Z] <<< [apiv2][status] GET https://firebase.googleapis.com/v1beta1/projects/miportfolio-8701f 401
[debug] [2023-02-24T17:20:35.338Z] <<< [apiv2][body] GET https://firebase.googleapis.com/v1beta1/projects/miportfolio-8701f {"error":{"code":401,"message":"Request had invalid authentication credentials. Expected OAuth 2 access token, login cookie or other valid authentication credential. See https://developers.google.com/identity/sign-in/web/devconsole-project.","status":"UNAUTHENTICATED"}}
[debug] [2023-02-24T17:20:35.339Z] HTTP Error: 401, Request had invalid authentication credentials. Expected OAuth 2 access token, login cookie or other valid authentication credential. See https://developers.google.com/identity/sign-in/web/devconsole-project.
[debug] [2023-02-24T17:20:35.341Z] FirebaseError: HTTP Error: 401, Request had invalid authentication credentials. Expected OAuth 2 access token, login cookie or other valid authentication credential. See https://developers.google.com/identity/sign-in/web/devconsole-project.
    at responseToError (C:\Users\LENOVO\AppData\Roaming\npm\node_modules\firebase-tools\lib\responseToError.js:49:12)
    at RetryOperation._fn (C:\Users\LENOVO\AppData\Roaming\npm\node_modules\firebase-tools\lib\apiv2.js:288:77)
    at processTicksAndRejections (node:internal/process/task_queues:96:5)
[error] 
[error] Error: Failed to get Firebase project miportfolio-8701f. Please make sure the project exists and your account has permission to access it.
[debug] [2023-02-24T17:31:11.437Z] ----------------------------------------------------------------------
[debug] [2023-02-24T17:31:11.439Z] Command:       C:\Program Files\nodejs\node.exe C:\Users\LENOVO\AppData\Roaming\npm\node_modules\firebase-tools\lib\bin\firebase.js deploy
[debug] [2023-02-24T17:31:11.439Z] CLI Version:   11.15.0
[debug] [2023-02-24T17:31:11.439Z] Platform:      win32
[debug] [2023-02-24T17:31:11.440Z] Node Version:  v16.14.0
[debug] [2023-02-24T17:31:11.441Z] Time:          Fri Feb 24 2023 14:31:11 GMT-0300 (hora estándar de Argentina)
[debug] [2023-02-24T17:31:11.441Z] ----------------------------------------------------------------------
[debug] 
[debug] [2023-02-24T17:31:11.518Z] > command requires scopes: ["email","openid","https://www.googleapis.com/auth/cloudplatformprojects.readonly","https://www.googleapis.com/auth/firebase","https://www.googleapis.com/auth/cloud-platform"]
[debug] [2023-02-24T17:31:11.518Z] > authorizing via signed-in user (catalinabenegas@gmail.com)
[debug] [2023-02-24T17:31:11.519Z] [iam] checking project miportfolio-8701f for permissions ["firebase.projects.get","firebasehosting.sites.update"]
[debug] [2023-02-24T17:31:11.520Z] > refreshing access token with scopes: []
[debug] [2023-02-24T17:31:11.522Z] >>> [apiv2][query] POST https://www.googleapis.com/oauth2/v3/token [none]
[debug] [2023-02-24T17:31:11.522Z] >>> [apiv2][body] POST https://www.googleapis.com/oauth2/v3/token [omitted]
[debug] [2023-02-24T17:31:12.241Z] <<< [apiv2][status] POST https://www.googleapis.com/oauth2/v3/token 400
[debug] [2023-02-24T17:31:12.242Z] <<< [apiv2][body] POST https://www.googleapis.com/oauth2/v3/token [omitted]
[debug] [2023-02-24T17:31:12.242Z] >>> [apiv2][query] POST https://cloudresourcemanager.googleapis.com/v1/projects/miportfolio-8701f:testIamPermissions [none]
[debug] [2023-02-24T17:31:12.242Z] >>> [apiv2][(partial)header] POST https://cloudresourcemanager.googleapis.com/v1/projects/miportfolio-8701f:testIamPermissions x-goog-quota-user=projects/miportfolio-8701f
[debug] [2023-02-24T17:31:12.242Z] >>> [apiv2][body] POST https://cloudresourcemanager.googleapis.com/v1/projects/miportfolio-8701f:testIamPermissions {"permissions":["firebase.projects.get","firebasehosting.sites.update"]}
[debug] [2023-02-24T17:31:13.379Z] <<< [apiv2][status] POST https://cloudresourcemanager.googleapis.com/v1/projects/miportfolio-8701f:testIamPermissions 401
[debug] [2023-02-24T17:31:13.379Z] <<< [apiv2][body] POST https://cloudresourcemanager.googleapis.com/v1/projects/miportfolio-8701f:testIamPermissions {"error":{"code":401,"message":"Request had invalid authentication credentials. Expected OAuth 2 access token, login cookie or other valid authentication credential. See https://developers.google.com/identity/sign-in/web/devconsole-project.","status":"UNAUTHENTICATED","details":[{"@type":"type.googleapis.com/google.rpc.ErrorInfo","reason":"ACCESS_TOKEN_TYPE_UNSUPPORTED","metadata":{"service":"cloudresourcemanager.googleapis.com","method":"google.cloudresourcemanager.v1.Projects.TestIamPermissions"}}]}}
[debug] [2023-02-24T17:31:13.380Z] [iam] error while checking permissions, command may fail: FirebaseError: HTTP Error: 401, Request had invalid authentication credentials. Expected OAuth 2 access token, login cookie or other valid authentication credential. See https://developers.google.com/identity/sign-in/web/devconsole-project.
[debug] [2023-02-24T17:31:13.380Z] > refreshing access token with scopes: []
[debug] [2023-02-24T17:31:13.381Z] >>> [apiv2][query] POST https://www.googleapis.com/oauth2/v3/token [none]
[debug] [2023-02-24T17:31:13.381Z] >>> [apiv2][body] POST https://www.googleapis.com/oauth2/v3/token [omitted]
[debug] [2023-02-24T17:31:13.617Z] <<< [apiv2][status] POST https://www.googleapis.com/oauth2/v3/token 400
[debug] [2023-02-24T17:31:13.617Z] <<< [apiv2][body] POST https://www.googleapis.com/oauth2/v3/token [omitted]
[debug] [2023-02-24T17:31:13.617Z] >>> [apiv2][query] GET https://firebase.googleapis.com/v1beta1/projects/miportfolio-8701f [none]
[debug] [2023-02-24T17:31:13.915Z] <<< [apiv2][status] GET https://firebase.googleapis.com/v1beta1/projects/miportfolio-8701f 401
[debug] [2023-02-24T17:31:13.915Z] <<< [apiv2][body] GET https://firebase.googleapis.com/v1beta1/projects/miportfolio-8701f {"error":{"code":401,"message":"Request had invalid authentication credentials. Expected OAuth 2 access token, login cookie or other valid authentication credential. See https://developers.google.com/identity/sign-in/web/devconsole-project.","status":"UNAUTHENTICATED"}}
[debug] [2023-02-24T17:31:13.916Z] HTTP Error: 401, Request had invalid authentication credentials. Expected OAuth 2 access token, login cookie or other valid authentication credential. See https://developers.google.com/identity/sign-in/web/devconsole-project.
[debug] [2023-02-24T17:31:13.917Z] FirebaseError: HTTP Error: 401, Request had invalid authentication credentials. Expected OAuth 2 access token, login cookie or other valid authentication credential. See https://developers.google.com/identity/sign-in/web/devconsole-project.
    at responseToError (C:\Users\LENOVO\AppData\Roaming\npm\node_modules\firebase-tools\lib\responseToError.js:49:12)
    at RetryOperation._fn (C:\Users\LENOVO\AppData\Roaming\npm\node_modules\firebase-tools\lib\apiv2.js:288:77)
    at processTicksAndRejections (node:internal/process/task_queues:96:5)
[error] 
[error] Error: Failed to get Firebase project miportfolio-8701f. Please make sure the project exists and your account has permission to access it.
[debug] [2023-02-24T17:32:19.744Z] ----------------------------------------------------------------------
[debug] [2023-02-24T17:32:19.745Z] Command:       C:\Program Files\nodejs\node.exe C:\Users\LENOVO\AppData\Roaming\npm\node_modules\firebase-tools\lib\bin\firebase.js deploy
[debug] [2023-02-24T17:32:19.746Z] CLI Version:   11.15.0
[debug] [2023-02-24T17:32:19.746Z] Platform:      win32
[debug] [2023-02-24T17:32:19.746Z] Node Version:  v16.14.0
[debug] [2023-02-24T17:32:19.748Z] Time:          Fri Feb 24 2023 14:32:19 GMT-0300 (hora estándar de Argentina)
[debug] [2023-02-24T17:32:19.748Z] ----------------------------------------------------------------------
[debug] 
[debug] [2023-02-24T17:32:19.824Z] > command requires scopes: ["email","openid","https://www.googleapis.com/auth/cloudplatformprojects.readonly","https://www.googleapis.com/auth/firebase","https://www.googleapis.com/auth/cloud-platform"]
[debug] [2023-02-24T17:32:19.825Z] > authorizing via signed-in user (catalinabenegas@gmail.com)
[debug] [2023-02-24T17:32:19.825Z] [iam] checking project miportfolio-8701f for permissions ["firebase.projects.get","firebasehosting.sites.update"]
[debug] [2023-02-24T17:32:19.827Z] > refreshing access token with scopes: []
[debug] [2023-02-24T17:32:19.829Z] >>> [apiv2][query] POST https://www.googleapis.com/oauth2/v3/token [none]
[debug] [2023-02-24T17:32:19.829Z] >>> [apiv2][body] POST https://www.googleapis.com/oauth2/v3/token [omitted]
[debug] [2023-02-24T17:32:20.250Z] <<< [apiv2][status] POST https://www.googleapis.com/oauth2/v3/token 400
[debug] [2023-02-24T17:32:20.250Z] <<< [apiv2][body] POST https://www.googleapis.com/oauth2/v3/token [omitted]
[debug] [2023-02-24T17:32:20.250Z] >>> [apiv2][query] POST https://cloudresourcemanager.googleapis.com/v1/projects/miportfolio-8701f:testIamPermissions [none]
[debug] [2023-02-24T17:32:20.251Z] >>> [apiv2][(partial)header] POST https://cloudresourcemanager.googleapis.com/v1/projects/miportfolio-8701f:testIamPermissions x-goog-quota-user=projects/miportfolio-8701f
[debug] [2023-02-24T17:32:20.251Z] >>> [apiv2][body] POST https://cloudresourcemanager.googleapis.com/v1/projects/miportfolio-8701f:testIamPermissions {"permissions":["firebase.projects.get","firebasehosting.sites.update"]}
[debug] [2023-02-24T17:32:21.224Z] <<< [apiv2][status] POST https://cloudresourcemanager.googleapis.com/v1/projects/miportfolio-8701f:testIamPermissions 401
[debug] [2023-02-24T17:32:21.224Z] <<< [apiv2][body] POST https://cloudresourcemanager.googleapis.com/v1/projects/miportfolio-8701f:testIamPermissions {"error":{"code":401,"message":"Request had invalid authentication credentials. Expected OAuth 2 access token, login cookie or other valid authentication credential. See https://developers.google.com/identity/sign-in/web/devconsole-project.","status":"UNAUTHENTICATED","details":[{"@type":"type.googleapis.com/google.rpc.ErrorInfo","reason":"ACCESS_TOKEN_TYPE_UNSUPPORTED","metadata":{"method":"google.cloudresourcemanager.v1.Projects.TestIamPermissions","service":"cloudresourcemanager.googleapis.com"}}]}}
[debug] [2023-02-24T17:32:21.226Z] [iam] error while checking permissions, command may fail: FirebaseError: HTTP Error: 401, Request had invalid authentication credentials. Expected OAuth 2 access token, login cookie or other valid authentication credential. See https://developers.google.com/identity/sign-in/web/devconsole-project.
[debug] [2023-02-24T17:32:21.226Z] > refreshing access token with scopes: []
[debug] [2023-02-24T17:32:21.226Z] >>> [apiv2][query] POST https://www.googleapis.com/oauth2/v3/token [none]
[debug] [2023-02-24T17:32:21.226Z] >>> [apiv2][body] POST https://www.googleapis.com/oauth2/v3/token [omitted]
[debug] [2023-02-24T17:32:21.504Z] <<< [apiv2][status] POST https://www.googleapis.com/oauth2/v3/token 400
[debug] [2023-02-24T17:32:21.504Z] <<< [apiv2][body] POST https://www.googleapis.com/oauth2/v3/token [omitted]
[debug] [2023-02-24T17:32:21.507Z] >>> [apiv2][query] GET https://firebase.googleapis.com/v1beta1/projects/miportfolio-8701f [none]
[debug] [2023-02-24T17:32:21.737Z] <<< [apiv2][status] GET https://firebase.googleapis.com/v1beta1/projects/miportfolio-8701f 401
[debug] [2023-02-24T17:32:21.737Z] <<< [apiv2][body] GET https://firebase.googleapis.com/v1beta1/projects/miportfolio-8701f {"error":{"code":401,"message":"Request had invalid authentication credentials. Expected OAuth 2 access token, login cookie or other valid authentication credential. See https://developers.google.com/identity/sign-in/web/devconsole-project.","status":"UNAUTHENTICATED"}}
[debug] [2023-02-24T17:32:21.737Z] HTTP Error: 401, Request had invalid authentication credentials. Expected OAuth 2 access token, login cookie or other valid authentication credential. See https://developers.google.com/identity/sign-in/web/devconsole-project.
[debug] [2023-02-24T17:32:21.738Z] FirebaseError: HTTP Error: 401, Request had invalid authentication credentials. Expected OAuth 2 access token, login cookie or other valid authentication credential. See https://developers.google.com/identity/sign-in/web/devconsole-project.
    at responseToError (C:\Users\LENOVO\AppData\Roaming\npm\node_modules\firebase-tools\lib\responseToError.js:49:12)
    at RetryOperation._fn (C:\Users\LENOVO\AppData\Roaming\npm\node_modules\firebase-tools\lib\apiv2.js:288:77)
    at processTicksAndRejections (node:internal/process/task_queues:96:5)
[error] 
[error] Error: Failed to get Firebase project miportfolio-8701f. Please make sure the project exists and your account has permission to access it.
