#
# There is insufficient memory for the Java Runtime Environment to continue.
# Native memory allocation (malloc) failed to allocate 32744 bytes for ChunkPool::allocate
# Possible reasons:
#   The system is out of physical RAM or swap space
#   The process is running with CompressedOops enabled, and the Java Heap may be blocking the growth of the native heap
# Possible solutions:
#   Reduce memory load on the system
#   Increase physical memory or swap space
#   Check if swap backing store is full
#   Decrease Java heap size (-Xmx/-Xms)
#   Decrease number of Java threads
#   Decrease Java thread stack sizes (-Xss)
#   Set larger code cache with -XX:ReservedCodeCacheSize=
#   JVM is running with Unscaled Compressed Oops mode in which the Java heap is
#     placed in the first 4GB address space. The Java Heap base address is the
#     maximum limit for the native heap growth. Please use -XX:HeapBaseMinAddress
#     to set the Java Heap base and to place the Java Heap above 4GB virtual address.
# This output file may be truncated or incomplete.
#
#  Out of Memory Error (arena.cpp:78), pid=8684, tid=9656
#
# JRE version: OpenJDK Runtime Environment Temurin-17.0.4.1+1 (17.0.4.1+1) (build 17.0.4.1+1)
# Java VM: OpenJDK 64-Bit Server VM Temurin-17.0.4.1+1 (17.0.4.1+1, mixed mode, tiered, compressed oops, compressed class ptrs, parallel gc, windows-amd64)
# No core dump will be written. Minidumps are not enabled by default on client versions of Windows
#

---------------  S U M M A R Y ------------

Command Line: --add-modules=ALL-SYSTEM --add-opens=java.base/java.util=ALL-UNNAMED --add-opens=java.base/java.lang=ALL-UNNAMED --add-opens=java.base/sun.nio.fs=ALL-UNNAMED -Declipse.application=org.eclipse.jdt.ls.core.id1 -Dosgi.bundles.defaultStartLevel=4 -Declipse.product=org.eclipse.jdt.ls.core.product -Djava.import.generatesMetadataFilesAtProjectRoot=false -Dfile.encoding=utf8 -DwatchParentProcess=false -XX:+UseParallelGC -XX:GCTimeRatio=4 -XX:AdaptiveSizePolicyWeight=90 -Dsun.zip.disableMemoryMapping=true -Xmx1G -Xms100m -Xlog:disable -javaagent:c:\Users\Alumno\.vscode\extensions\redhat.java-1.11.0-win32-x64\lombok\lombok-1.18.24.jar -XX:+HeapDumpOnOutOfMemoryError -XX:HeapDumpPath=c:\Users\Alumno\AppData\Roaming\Code\User\workspaceStorage\200159b7a4fbb2956adf6b2b2d7bb48b\redhat.java c:\Users\Alumno\.vscode\extensions\redhat.java-1.11.0-win32-x64\server\plugins\org.eclipse.equinox.launcher_1.6.400.v20210924-0641.jar -configuration c:\Users\Alumno\AppData\Roaming\Code\User\globalStorage\redhat.java\1.11.0\config_win -data c:\Users\Alumno\AppData\Roaming\Code\User\workspaceStorage\200159b7a4fbb2956adf6b2b2d7bb48b\redhat.java\jdt_ws

Host: Intel(R) Celeron(R) CPU  N3060  @ 1.60GHz, 2 cores, 3G,  Windows 10 , 64 bit Build 19041 (10.0.19041.1889)
Time: Thu Oct 13 15:16:48 2022 Hora estándar de Argentina elapsed time: 23.041801 seconds (0d 0h 0m 23s)

---------------  T H R E A D  ---------------

Current thread (0x000002c1355bc910):  JavaThread "C1 CompilerThread0" daemon [_thread_in_native, id=9656, stack(0x000000e392c00000,0x000000e392d00000)]


Current CompileTask:
C1:  23042  841   !   3       java.net.URL::<init> (543 bytes)

Stack: [0x000000e392c00000,0x000000e392d00000]
Native frames: (J=compiled Java code, j=interpreted, Vv=VM code, C=native code)
V  [jvm.dll+0x67731a]
V  [jvm.dll+0x832284]
V  [jvm.dll+0x833a2e]
V  [jvm.dll+0x834093]
V  [jvm.dll+0x245775]
V  [jvm.dll+0xabfc0]
V  [jvm.dll+0xac30c]
V  [jvm.dll+0x14b7bc]
V  [jvm.dll+0x14a65c]
V  [jvm.dll+0x133f24]
V  [jvm.dll+0x1341b0]
V  [jvm.dll+0x134476]
V  [jvm.dll+0x13390a]
V  [jvm.dll+0x1355d1]
V  [jvm.dll+0x227498]
V  [jvm.dll+0x2255e5]
V  [jvm.dll+0x7e7e9b]
V  [jvm.dll+0x7e240a]
V  [jvm.dll+0x6761a5]
C  [ucrtbase.dll+0x21bb2]
C  [KERNEL32.DLL+0x17034]
C  [ntdll.dll+0x526a1]


---------------  P R O C E S S  ---------------

Threads class SMR info:
_java_thread_list=0x000002c136be21d0, length=12, elements={
0x000002c11f84e980, 0x000002c13558a750, 0x000002c13558d310, 0x000002c1355b8270,
0x000002c1355b8e20, 0x000002c1355b97d0, 0x000002c1355ba180, 0x000002c1355bae60,
0x000002c1355bc910, 0x000002c1355bfab0, 0x000002c11f90a570, 0x000002c136bd9270
}

Java Threads: ( => current thread )
  0x000002c11f84e980 JavaThread "main" [_thread_in_vm, id=10740, stack(0x000000e392200000,0x000000e392300000)]
  0x000002c13558a750 JavaThread "Reference Handler" daemon [_thread_blocked, id=8720, stack(0x000000e392500000,0x000000e392600000)]
  0x000002c13558d310 JavaThread "Finalizer" daemon [_thread_blocked, id=5632, stack(0x000000e392600000,0x000000e392700000)]
  0x000002c1355b8270 JavaThread "Signal Dispatcher" daemon [_thread_blocked, id=12760, stack(0x000000e392700000,0x000000e392800000)]
  0x000002c1355b8e20 JavaThread "Attach Listener" daemon [_thread_blocked, id=13032, stack(0x000000e392800000,0x000000e392900000)]
  0x000002c1355b97d0 JavaThread "Service Thread" daemon [_thread_blocked, id=14280, stack(0x000000e392900000,0x000000e392a00000)]
  0x000002c1355ba180 JavaThread "Monitor Deflation Thread" daemon [_thread_blocked, id=13108, stack(0x000000e392a00000,0x000000e392b00000)]
  0x000002c1355bae60 JavaThread "C2 CompilerThread0" daemon [_thread_blocked, id=6068, stack(0x000000e392b00000,0x000000e392c00000)]
=>0x000002c1355bc910 JavaThread "C1 CompilerThread0" daemon [_thread_in_native, id=9656, stack(0x000000e392c00000,0x000000e392d00000)]
  0x000002c1355bfab0 JavaThread "Sweeper thread" daemon [_thread_blocked, id=8984, stack(0x000000e392d00000,0x000000e392e00000)]
  0x000002c11f90a570 JavaThread "Common-Cleaner" daemon [_thread_blocked, id=13776, stack(0x000000e392e00000,0x000000e392f00000)]
  0x000002c136bd9270 JavaThread "Notification Thread" daemon [_thread_blocked, id=9936, stack(0x000000e392f00000,0x000000e393000000)]

Other Threads:
  0x000002c135572b50 VMThread "VM Thread" [stack: 0x000000e392400000,0x000000e392500000] [id=11104]
  0x000002c136bd9740 WatcherThread [stack: 0x000000e393000000,0x000000e393100000] [id=9220]
  0x000002c11f863020 GCTaskThread "GC Thread#0" [stack: 0x000000e392300000,0x000000e392400000] [id=3120]

Threads with active compile tasks:
C1 CompilerThread0    23157  841   !   3       java.net.URL::<init> (543 bytes)

VM state: not at safepoint (normal execution)

VM Mutex/Monitor currently owned by a thread: None

Heap address: 0x00000000c0000000, size: 1024 MB, Compressed Oops mode: 32-bit

CDS archive(s) not mapped
Compressed class space mapped at: 0x0000000100000000-0x0000000140000000, reserved size: 1073741824
Narrow klass base: 0x0000000000000000, Narrow klass shift: 3, Narrow klass range: 0x140000000

GC Precious Log:
 CPUs: 2 total, 2 available
 Memory: 4000M
 Large Page Support: Disabled
 NUMA Support: Disabled
 Compressed Oops: Enabled (32-bit)
 Alignments: Space 512K, Generation 512K, Heap 2M
 Heap Min Capacity: 100M
 Heap Initial Capacity: 100M
 Heap Max Capacity: 1G
 Pre-touch: Disabled
 Parallel Workers: 2

Heap:
 PSYoungGen      total 29696K, used 22772K [0x00000000eab00000, 0x00000000ecc00000, 0x0000000100000000)
  eden space 25600K, 88% used [0x00000000eab00000,0x00000000ec13d0a0,0x00000000ec400000)
  from space 4096K, 0% used [0x00000000ec800000,0x00000000ec800000,0x00000000ecc00000)
  to   space 4096K, 0% used [0x00000000ec400000,0x00000000ec400000,0x00000000ec800000)
 ParOldGen       total 68608K, used 0K [0x00000000c0000000, 0x00000000c4300000, 0x00000000eab00000)
  object space 68608K, 0% used [0x00000000c0000000,0x00000000c0000000,0x00000000c4300000)
 Metaspace       used 10039K, committed 10176K, reserved 1064960K
  class space    used 1006K, committed 1088K, reserved 1048576K

Card table byte_map: [0x000002c132ee0000,0x000002c1330f0000] _byte_map_base: 0x000002c1328e0000

Marking Bits: (ParMarkBitMap*) 0x00007fff4da12cc0
 Begin Bits: [0x000002c133250000, 0x000002c134250000)
 End Bits:   [0x000002c134250000, 0x000002c135250000)

Polling page: 0x000002c11f6d0000

Metaspace:

Usage:
  Non-class:      8.82 MB used.
      Class:   1006.81 KB used.
       Both:      9.80 MB used.

Virtual space:
  Non-class space:       16.00 MB reserved,       8.88 MB ( 55%) committed,  2 nodes.
      Class space:        1.00 GB reserved,       1.06 MB ( <1%) committed,  1 nodes.
             Both:        1.02 GB reserved,       9.94 MB ( <1%) committed. 

Chunk freelists:
   Non-Class:  2.38 MB
       Class:  2.95 MB
        Both:  5.33 MB

MaxMetaspaceSize: unlimited
CompressedClassSpaceSize: 1.00 GB
Initial GC threshold: 21.00 MB
Current GC threshold: 21.00 MB
CDS: off
MetaspaceReclaimPolicy: balanced
 - commit_granule_bytes: 65536.
 - commit_granule_words: 8192.
 - virtual_space_node_default_size: 1048576.
 - enlarge_chunks_in_place: 1.
 - new_chunks_are_fully_committed: 0.
 - uncommit_free_chunks: 1.
 - use_allocation_guard: 0.
 - handle_deallocations: 1.


Internal statistics:

num_allocs_failed_limit: 0.
num_arena_births: 16.
num_arena_deaths: 0.
num_vsnodes_births: 3.
num_vsnodes_deaths: 0.
num_space_committed: 159.
num_space_uncommitted: 0.
num_chunks_returned_to_freelist: 0.
num_chunks_taken_from_freelist: 76.
num_chunk_merges: 0.
num_chunk_splits: 49.
num_chunks_enlarged: 45.
num_purges: 0.
num_inconsistent_stats: 0.

CodeHeap 'non-profiled nmethods': size=120064Kb used=341Kb max_used=341Kb free=119722Kb
 bounds [0x000002c12b7c0000, 0x000002c12ba30000, 0x000002c132d00000]
CodeHeap 'profiled nmethods': size=120000Kb used=1404Kb max_used=1404Kb free=118595Kb
 bounds [0x000002c124290000, 0x000002c124500000, 0x000002c12b7c0000]
CodeHeap 'non-nmethods': size=5696Kb used=1130Kb max_used=1148Kb free=4565Kb
 bounds [0x000002c123d00000, 0x000002c123f70000, 0x000002c124290000]
 total_blobs=1250 nmethods=829 adapters=337
 compilation: enabled
              stopped_count=0, restarted_count=0
 full_count=0

Compilation events (20 events):
Event: 22.810 Thread 0x000002c1355bc910 nmethod 829 0x000002c1243e9990 code [0x000002c1243e9b40, 0x000002c1243e9d58]
Event: 22.811 Thread 0x000002c1355bc910  831       3       java.util.jar.Attributes::getValue (9 bytes)
Event: 22.811 Thread 0x000002c1355bc910 nmethod 831 0x000002c1243e9e90 code [0x000002c1243ea040, 0x000002c1243ea348]
Event: 22.811 Thread 0x000002c1355bc910  832       3       java.util.jar.Attributes::get (11 bytes)
Event: 22.812 Thread 0x000002c1355bc910 nmethod 832 0x000002c1243ea490 code [0x000002c1243ea640, 0x000002c1243ea808]
Event: 22.821 Thread 0x000002c1355bc910  833       3       jdk.internal.loader.ClassLoaders$BootClassLoader::loadClassOrNull (10 bytes)
Event: 22.821 Thread 0x000002c1355bc910 nmethod 833 0x000002c1243ea910 code [0x000002c1243eaae0, 0x000002c1243ead78]
Event: 22.832 Thread 0x000002c1355bc910  834       3       java.util.jar.JarFile::getEntry (35 bytes)
Event: 22.833 Thread 0x000002c1355bc910 nmethod 834 0x000002c1243eae90 code [0x000002c1243eb080, 0x000002c1243eb4f8]
Event: 22.837 Thread 0x000002c1355bc910  836       3       java.lang.StringConcatHelper::initialCoder (14 bytes)
Event: 22.837 Thread 0x000002c1355bc910 nmethod 836 0x000002c1243eb690 code [0x000002c1243eb820, 0x000002c1243eb938]
Event: 22.840 Thread 0x000002c1355bc910  837       3       java.lang.String::concat (15 bytes)
Event: 22.844 Thread 0x000002c1355bc910 nmethod 837 0x000002c1243eb990 code [0x000002c1243ebcc0, 0x000002c1243ed098]
Event: 22.844 Thread 0x000002c1355bc910  838       3       java.lang.StringConcatHelper::newString (67 bytes)
Event: 22.846 Thread 0x000002c1355bc910 nmethod 838 0x000002c1243ed810 code [0x000002c1243eda80, 0x000002c1243ee448]
Event: 22.846 Thread 0x000002c1355bc910  839       1       java.lang.NamedPackage::module (5 bytes)
Event: 22.847 Thread 0x000002c1355bc910 nmethod 839 0x000002c12b815110 code [0x000002c12b8152a0, 0x000002c12b815378]
Event: 23.024 Thread 0x000002c1355bc910  840       3       java.util.WeakHashMap::matchesKey (33 bytes)
Event: 23.025 Thread 0x000002c1355bc910 nmethod 840 0x000002c1243ee810 code [0x000002c1243ee9e0, 0x000002c1243eeed8]
Event: 23.026 Thread 0x000002c1355bc910  841   !   3       java.net.URL::<init> (543 bytes)

GC Heap History (0 events):
No events

Deoptimization events (20 events):
Event: 22.005 Thread 0x000002c11f84e980 Uncommon trap: trap_request=0xffffffde fr.pc=0x000002c12b7f95fc relative=0x0000000000000a3c
Event: 22.005 Thread 0x000002c11f84e980 Uncommon trap: reason=class_check action=maybe_recompile pc=0x000002c12b7f95fc method=java.util.HashMap.putVal(ILjava/lang/Object;Ljava/lang/Object;ZZ)Ljava/lang/Object; @ 203 c2
Event: 22.005 Thread 0x000002c11f84e980 DEOPT PACKING pc=0x000002c12b7f95fc sp=0x000000e3922fdb10
Event: 22.005 Thread 0x000002c11f84e980 DEOPT UNPACKING pc=0x000002c123d5209d sp=0x000000e3922fda38 mode 2
Event: 22.005 Thread 0x000002c11f84e980 Uncommon trap: trap_request=0xffffffde fr.pc=0x000002c12b7f95fc relative=0x0000000000000a3c
Event: 22.005 Thread 0x000002c11f84e980 Uncommon trap: reason=class_check action=maybe_recompile pc=0x000002c12b7f95fc method=java.util.HashMap.putVal(ILjava/lang/Object;Ljava/lang/Object;ZZ)Ljava/lang/Object; @ 203 c2
Event: 22.005 Thread 0x000002c11f84e980 DEOPT PACKING pc=0x000002c12b7f95fc sp=0x000000e3922fdb10
Event: 22.005 Thread 0x000002c11f84e980 DEOPT UNPACKING pc=0x000002c123d5209d sp=0x000000e3922fda38 mode 2
Event: 22.368 Thread 0x000002c11f84e980 Uncommon trap: trap_request=0xffffffde fr.pc=0x000002c12b7ee7f0 relative=0x0000000000000510
Event: 22.368 Thread 0x000002c11f84e980 Uncommon trap: reason=class_check action=maybe_recompile pc=0x000002c12b7ee7f0 method=java.util.Collections$UnmodifiableCollection$1.<init>(Ljava/util/Collections$UnmodifiableCollection;)V @ 17 c2
Event: 22.368 Thread 0x000002c11f84e980 DEOPT PACKING pc=0x000002c12b7ee7f0 sp=0x000000e3922fe370
Event: 22.368 Thread 0x000002c11f84e980 DEOPT UNPACKING pc=0x000002c123d5209d sp=0x000000e3922fe2b8 mode 2
Event: 22.368 Thread 0x000002c11f84e980 Uncommon trap: trap_request=0xffffffc6 fr.pc=0x000002c12b7e3f28 relative=0x0000000000000288
Event: 22.368 Thread 0x000002c11f84e980 Uncommon trap: reason=bimorphic_or_optimized_type_check action=maybe_recompile pc=0x000002c12b7e3f28 method=java.util.Collections$UnmodifiableCollection$1.next()Ljava/lang/Object; @ 4 c2
Event: 22.368 Thread 0x000002c11f84e980 DEOPT PACKING pc=0x000002c12b7e3f28 sp=0x000000e3922fe380
Event: 22.368 Thread 0x000002c11f84e980 DEOPT UNPACKING pc=0x000002c123d5209d sp=0x000000e3922fe330 mode 2
Event: 22.368 Thread 0x000002c11f84e980 Uncommon trap: trap_request=0xffffffc6 fr.pc=0x000002c12b7e3f28 relative=0x0000000000000288
Event: 22.368 Thread 0x000002c11f84e980 Uncommon trap: reason=bimorphic_or_optimized_type_check action=maybe_recompile pc=0x000002c12b7e3f28 method=java.util.Collections$UnmodifiableCollection$1.next()Ljava/lang/Object; @ 4 c2
Event: 22.368 Thread 0x000002c11f84e980 DEOPT PACKING pc=0x000002c12b7e3f28 sp=0x000000e3922fe380
Event: 22.368 Thread 0x000002c11f84e980 DEOPT UNPACKING pc=0x000002c123d5209d sp=0x000000e3922fe330 mode 2

Classes unloaded (0 events):
No events

Classes redefined (0 events):
No events

Internal exceptions (16 events):
Event: 5.190 Thread 0x000002c11f84e980 Exception <a 'java/lang/NoSuchMethodError'{0x00000000eac32090}: 'void java.lang.invoke.DirectMethodHandle$Holder.invokeStatic(java.lang.Object, java.lang.Object, java.lang.Object)'> (0x00000000eac32090) 
thrown [s\src\hotspot\share\interpreter\linkResolver.cpp, line 759]
Event: 6.788 Thread 0x000002c11f84e980 Implicit null exception at 0x000002c12b7c9d55 to 0x000002c12b7c9ea0
Event: 10.910 Thread 0x000002c11f84e980 Exception <a 'java/lang/reflect/InvocationTargetException'{0x00000000eaf78f70}> (0x00000000eaf78f70) 
thrown [s\src\hotspot\share\runtime\reflection.cpp, line 1121]
Event: 17.028 Thread 0x000002c11f84e980 Implicit null exception at 0x000002c12b7f41d3 to 0x000002c12b7f4a4c
Event: 17.317 Thread 0x000002c11f84e980 Exception <a 'java/lang/ClassNotFoundException'{0x00000000eb7078a0}: sun/net/www/protocol/c/Handler> (0x00000000eb7078a0) 
thrown [s\src\hotspot\share\classfile\systemDictionary.cpp, line 256]
Event: 17.825 Thread 0x000002c11f84e980 Exception <a 'java/io/FileNotFoundException'{0x00000000eb722490}> (0x00000000eb722490) 
thrown [s\src\hotspot\share\prims\jni.cpp, line 516]
Event: 17.826 Thread 0x000002c11f84e980 Exception <a 'java/io/FileNotFoundException'{0x00000000eb7231d8}> (0x00000000eb7231d8) 
thrown [s\src\hotspot\share\prims\jni.cpp, line 516]
Event: 17.826 Thread 0x000002c11f84e980 Exception <a 'java/io/FileNotFoundException'{0x00000000eb723f00}> (0x00000000eb723f00) 
thrown [s\src\hotspot\share\prims\jni.cpp, line 516]
Event: 17.827 Thread 0x000002c11f84e980 Exception <a 'java/io/FileNotFoundException'{0x00000000eb724bf8}> (0x00000000eb724bf8) 
thrown [s\src\hotspot\share\prims\jni.cpp, line 516]
Event: 17.884 Thread 0x000002c11f84e980 Implicit null exception at 0x000002c12b7f1b72 to 0x000002c12b7f1fe0
Event: 17.911 Thread 0x000002c11f84e980 Exception <a 'java/io/FileNotFoundException'{0x00000000eb764ba0}> (0x00000000eb764ba0) 
thrown [s\src\hotspot\share\prims\jni.cpp, line 516]
Event: 21.720 Thread 0x000002c11f84e980 Implicit null exception at 0x000002c12b8035d3 to 0x000002c12b803d84
Event: 22.243 Thread 0x000002c11f84e980 Exception <a 'java/lang/ClassNotFoundException'{0x00000000ebf5c268}: sun/net/www/protocol/c/Handler> (0x00000000ebf5c268) 
thrown [s\src\hotspot\share\classfile\systemDictionary.cpp, line 256]
Event: 22.246 Thread 0x000002c11f84e980 Exception <a 'java/lang/ClassNotFoundException'{0x00000000ebf5d5e0}: sun/net/www/protocol/d/Handler> (0x00000000ebf5d5e0) 
thrown [s\src\hotspot\share\classfile\systemDictionary.cpp, line 256]
Event: 22.249 Thread 0x000002c11f84e980 Exception <a 'java/lang/ClassNotFoundException'{0x00000000ebf5e7c8}: sun/net/www/protocol/c/Handler> (0x00000000ebf5e7c8) 
thrown [s\src\hotspot\share\classfile\systemDictionary.cpp, line 256]
Event: 22.367 Thread 0x000002c11f84e980 Exception <a 'java/io/FileNotFoundException'{0x00000000ebf84dd0}> (0x00000000ebf84dd0) 
thrown [s\src\hotspot\share\prims\jni.cpp, line 516]

VM Operations (20 events):
Event: 14.121 Executing VM operation: Cleanup
Event: 14.137 Executing VM operation: Cleanup done
Event: 15.145 Executing VM operation: Cleanup
Event: 15.159 Executing VM operation: Cleanup done
Event: 16.046 Executing VM operation: HandshakeAllThreads
Event: 16.046 Executing VM operation: HandshakeAllThreads done
Event: 17.040 Executing VM operation: HandshakeAllThreads
Event: 17.040 Executing VM operation: HandshakeAllThreads done
Event: 17.040 Executing VM operation: Cleanup
Event: 17.040 Executing VM operation: Cleanup done
Event: 19.108 Executing VM operation: Cleanup
Event: 19.218 Executing VM operation: Cleanup done
Event: 20.224 Executing VM operation: Cleanup
Event: 20.380 Executing VM operation: Cleanup done
Event: 21.391 Executing VM operation: Cleanup
Event: 21.494 Executing VM operation: Cleanup done
Event: 21.998 Executing VM operation: HandshakeAllThreads
Event: 21.998 Executing VM operation: HandshakeAllThreads done
Event: 23.002 Executing VM operation: Cleanup
Event: 23.002 Executing VM operation: Cleanup done

Events (20 events):
Event: 22.222 loading class java/lang/invoke/VarHandleInts$FieldInstanceReadOnly done
Event: 22.223 loading class java/lang/invoke/VarHandleInts$FieldInstanceReadWrite done
Event: 22.268 loading class java/nio/file/FileVisitor
Event: 22.269 loading class java/nio/file/FileVisitor done
Event: 22.586 loading class java/io/StringWriter
Event: 22.586 loading class java/io/StringWriter done
Event: 22.801 loading class java/util/concurrent/locks/ReentrantReadWriteLock
Event: 22.802 loading class java/util/concurrent/locks/ReadWriteLock
Event: 22.802 loading class java/util/concurrent/locks/ReadWriteLock done
Event: 22.802 loading class java/util/concurrent/locks/ReentrantReadWriteLock done
Event: 22.802 loading class java/util/concurrent/locks/ReentrantReadWriteLock$NonfairSync
Event: 22.802 loading class java/util/concurrent/locks/ReentrantReadWriteLock$Sync
Event: 22.802 loading class java/util/concurrent/locks/ReentrantReadWriteLock$Sync done
Event: 22.802 loading class java/util/concurrent/locks/ReentrantReadWriteLock$NonfairSync done
Event: 22.802 loading class java/util/concurrent/locks/ReentrantReadWriteLock$Sync$ThreadLocalHoldCounter
Event: 22.803 loading class java/util/concurrent/locks/ReentrantReadWriteLock$Sync$ThreadLocalHoldCounter done
Event: 22.803 loading class java/util/concurrent/locks/ReentrantReadWriteLock$ReadLock
Event: 22.803 loading class java/util/concurrent/locks/ReentrantReadWriteLock$ReadLock done
Event: 22.803 loading class java/util/concurrent/locks/ReentrantReadWriteLock$WriteLock
Event: 22.803 loading class java/util/concurrent/locks/ReentrantReadWriteLock$WriteLock done


Dynamic libraries:
0x00007ff745580000 - 0x00007ff74558e000 	c:\Users\Alumno\.vscode\extensions\redhat.java-1.11.0-win32-x64\jre\17.0.4.1-win32-x86_64\bin\java.exe
0x00007fffb33b0000 - 0x00007fffb35a8000 	C:\WINDOWS\SYSTEM32\ntdll.dll
0x00007fffb28c0000 - 0x00007fffb297d000 	C:\WINDOWS\System32\KERNEL32.DLL
0x00007fffb0e20000 - 0x00007fffb10ee000 	C:\WINDOWS\System32\KERNELBASE.dll
0x00007fffb10f0000 - 0x00007fffb11f0000 	C:\WINDOWS\System32\ucrtbase.dll
0x00007fffa7c50000 - 0x00007fffa7c68000 	c:\Users\Alumno\.vscode\extensions\redhat.java-1.11.0-win32-x64\jre\17.0.4.1-win32-x86_64\bin\jli.dll
0x00007fffb1410000 - 0x00007fffb15b0000 	C:\WINDOWS\System32\USER32.dll
0x00007fffb0be0000 - 0x00007fffb0c02000 	C:\WINDOWS\System32\win32u.dll
0x00007fffb31e0000 - 0x00007fffb320a000 	C:\WINDOWS\System32\GDI32.dll
0x00007fffb0ad0000 - 0x00007fffb0bdb000 	C:\WINDOWS\System32\gdi32full.dll
0x00007fffb0c10000 - 0x00007fffb0cad000 	C:\WINDOWS\System32\msvcp_win.dll
0x00007fffa7c30000 - 0x00007fffa7c49000 	c:\Users\Alumno\.vscode\extensions\redhat.java-1.11.0-win32-x64\jre\17.0.4.1-win32-x86_64\bin\VCRUNTIME140.dll
0x00007fffa1820000 - 0x00007fffa1aba000 	C:\WINDOWS\WinSxS\amd64_microsoft.windows.common-controls_6595b64144ccf1df_6.0.19041.1110_none_60b5254171f9507e\COMCTL32.dll
0x00007fffb2de0000 - 0x00007fffb2e7e000 	C:\WINDOWS\System32\msvcrt.dll
0x00007fffb2c10000 - 0x00007fffb2c40000 	C:\WINDOWS\System32\IMM32.DLL
0x00007fffa7c20000 - 0x00007fffa7c2c000 	c:\Users\Alumno\.vscode\extensions\redhat.java-1.11.0-win32-x64\jre\17.0.4.1-win32-x86_64\bin\vcruntime140_1.dll
0x00007fff60470000 - 0x00007fff60501000 	c:\Users\Alumno\.vscode\extensions\redhat.java-1.11.0-win32-x64\jre\17.0.4.1-win32-x86_64\bin\msvcp140.dll
0x00007fff4ce90000 - 0x00007fff4dad6000 	c:\Users\Alumno\.vscode\extensions\redhat.java-1.11.0-win32-x64\jre\17.0.4.1-win32-x86_64\bin\server\jvm.dll
0x00007fffb32c0000 - 0x00007fffb336e000 	C:\WINDOWS\System32\ADVAPI32.dll
0x00007fffb16f0000 - 0x00007fffb178c000 	C:\WINDOWS\System32\sechost.dll
0x00007fffb1f70000 - 0x00007fffb2095000 	C:\WINDOWS\System32\RPCRT4.dll
0x00007fffb2c00000 - 0x00007fffb2c08000 	C:\WINDOWS\System32\PSAPI.DLL
0x00007fffaf240000 - 0x00007fffaf249000 	C:\WINDOWS\SYSTEM32\WSOCK32.dll
0x00007fffb1790000 - 0x00007fffb17fb000 	C:\WINDOWS\System32\WS2_32.dll
0x00007fff9c4d0000 - 0x00007fff9c4f7000 	C:\WINDOWS\SYSTEM32\WINMM.dll
0x00007fffa1b90000 - 0x00007fffa1b9a000 	C:\WINDOWS\SYSTEM32\VERSION.dll
0x00007fffaf3a0000 - 0x00007fffaf3b2000 	C:\WINDOWS\SYSTEM32\kernel.appcore.dll
0x00007fffa7c10000 - 0x00007fffa7c1a000 	c:\Users\Alumno\.vscode\extensions\redhat.java-1.11.0-win32-x64\jre\17.0.4.1-win32-x86_64\bin\jimage.dll
0x00007fffaf030000 - 0x00007fffaf214000 	C:\WINDOWS\SYSTEM32\DBGHELP.DLL
0x00007fff9b1c0000 - 0x00007fff9b1ec000 	C:\WINDOWS\SYSTEM32\dbgcore.DLL
0x00007fffb11f0000 - 0x00007fffb1272000 	C:\WINDOWS\System32\bcryptPrimitives.dll
0x00007fffa7c00000 - 0x00007fffa7c0e000 	c:\Users\Alumno\.vscode\extensions\redhat.java-1.11.0-win32-x64\jre\17.0.4.1-win32-x86_64\bin\instrument.dll
0x00007fff92970000 - 0x00007fff92995000 	c:\Users\Alumno\.vscode\extensions\redhat.java-1.11.0-win32-x64\jre\17.0.4.1-win32-x86_64\bin\java.dll
0x00007fff95ae0000 - 0x00007fff95af8000 	c:\Users\Alumno\.vscode\extensions\redhat.java-1.11.0-win32-x64\jre\17.0.4.1-win32-x86_64\bin\zip.dll
0x00007fffb20a0000 - 0x00007fffb27e3000 	C:\WINDOWS\System32\SHELL32.dll
0x00007fffae7d0000 - 0x00007fffaef65000 	C:\WINDOWS\SYSTEM32\windows.storage.dll
0x00007fffb2e80000 - 0x00007fffb31d4000 	C:\WINDOWS\System32\combase.dll
0x00007fffb0460000 - 0x00007fffb0490000 	C:\WINDOWS\SYSTEM32\Wldp.dll
0x00007fffb3210000 - 0x00007fffb32bd000 	C:\WINDOWS\System32\SHCORE.dll
0x00007fffb2d80000 - 0x00007fffb2dd5000 	C:\WINDOWS\System32\shlwapi.dll
0x00007fffb0a10000 - 0x00007fffb0a2f000 	C:\WINDOWS\SYSTEM32\profapi.dll
0x00007fff894a0000 - 0x00007fff894b9000 	C:\Users\Alumno\.vscode\extensions\redhat.java-1.11.0-win32-x64\jre\17.0.4.1-win32-x86_64\bin\net.dll
0x00007fffa1570000 - 0x00007fffa167a000 	C:\WINDOWS\SYSTEM32\WINHTTP.dll
0x00007fffb01c0000 - 0x00007fffb022a000 	C:\WINDOWS\system32\mswsock.dll
0x00007fff89440000 - 0x00007fff89455000 	C:\Users\Alumno\.vscode\extensions\redhat.java-1.11.0-win32-x64\jre\17.0.4.1-win32-x86_64\bin\nio.dll
0x00007fffa56f0000 - 0x00007fffa5700000 	c:\Users\Alumno\.vscode\extensions\redhat.java-1.11.0-win32-x64\jre\17.0.4.1-win32-x86_64\bin\verify.dll

dbghelp: loaded successfully - version: 4.0.5 - missing functions: none
symbol engine: initialized successfully - sym options: 0x614 - pdb path: .;c:\Users\Alumno\.vscode\extensions\redhat.java-1.11.0-win32-x64\jre\17.0.4.1-win32-x86_64\bin;C:\WINDOWS\SYSTEM32;C:\WINDOWS\WinSxS\amd64_microsoft.windows.common-controls_6595b64144ccf1df_6.0.19041.1110_none_60b5254171f9507e;c:\Users\Alumno\.vscode\extensions\redhat.java-1.11.0-win32-x64\jre\17.0.4.1-win32-x86_64\bin\server

VM Arguments:
jvm_args: --add-modules=ALL-SYSTEM --add-opens=java.base/java.util=ALL-UNNAMED --add-opens=java.base/java.lang=ALL-UNNAMED --add-opens=java.base/sun.nio.fs=ALL-UNNAMED -Declipse.application=org.eclipse.jdt.ls.core.id1 -Dosgi.bundles.defaultStartLevel=4 -Declipse.product=org.eclipse.jdt.ls.core.product -Djava.import.generatesMetadataFilesAtProjectRoot=false -Dfile.encoding=utf8 -DwatchParentProcess=false -XX:+UseParallelGC -XX:GCTimeRatio=4 -XX:AdaptiveSizePolicyWeight=90 -Dsun.zip.disableMemoryMapping=true -Xmx1G -Xms100m -Xlog:disable -javaagent:c:\Users\Alumno\.vscode\extensions\redhat.java-1.11.0-win32-x64\lombok\lombok-1.18.24.jar -XX:+HeapDumpOnOutOfMemoryError -XX:HeapDumpPath=c:\Users\Alumno\AppData\Roaming\Code\User\workspaceStorage\200159b7a4fbb2956adf6b2b2d7bb48b\redhat.java 
java_command: c:\Users\Alumno\.vscode\extensions\redhat.java-1.11.0-win32-x64\server\plugins\org.eclipse.equinox.launcher_1.6.400.v20210924-0641.jar -configuration c:\Users\Alumno\AppData\Roaming\Code\User\globalStorage\redhat.java\1.11.0\config_win -data c:\Users\Alumno\AppData\Roaming\Code\User\workspaceStorage\200159b7a4fbb2956adf6b2b2d7bb48b\redhat.java\jdt_ws
java_class_path (initial): c:\Users\Alumno\.vscode\extensions\redhat.java-1.11.0-win32-x64\server\plugins\org.eclipse.equinox.launcher_1.6.400.v20210924-0641.jar
Launcher Type: SUN_STANDARD

[Global flags]
    uintx AdaptiveSizePolicyWeight                 = 90                                        {product} {command line}
     intx CICompilerCount                          = 2                                         {product} {ergonomic}
    uintx GCTimeRatio                              = 4                                         {product} {command line}
     bool HeapDumpOnOutOfMemoryError               = true                                   {manageable} {command line}
    ccstr HeapDumpPath                             = c:\Users\Alumno\AppData\Roaming\Code\User\workspaceStorage\200159b7a4fbb2956adf6b2b2d7bb48b\redhat.java         {manageable} {command line}
   size_t InitialHeapSize                          = 104857600                                 {product} {command line}
   size_t MaxHeapSize                              = 1073741824                                {product} {command line}
   size_t MaxNewSize                               = 357564416                                 {product} {ergonomic}
   size_t MinHeapDeltaBytes                        = 524288                                    {product} {ergonomic}
   size_t MinHeapSize                              = 104857600                                 {product} {command line}
   size_t NewSize                                  = 34603008                                  {product} {ergonomic}
    uintx NonNMethodCodeHeapSize                   = 5826188                                {pd product} {ergonomic}
    uintx NonProfiledCodeHeapSize                  = 122916026                              {pd product} {ergonomic}
   size_t OldSize                                  = 70254592                                  {product} {ergonomic}
    uintx ProfiledCodeHeapSize                     = 122916026                              {pd product} {ergonomic}
    uintx ReservedCodeCacheSize                    = 251658240                              {pd product} {ergonomic}
     bool SegmentedCodeCache                       = true                                      {product} {ergonomic}
   size_t SoftMaxHeapSize                          = 1073741824                             {manageable} {ergonomic}
     bool UseCompressedClassPointers               = true                           {product lp64_product} {ergonomic}
     bool UseCompressedOops                        = true                           {product lp64_product} {ergonomic}
     bool UseLargePagesIndividualAllocation        = false                                  {pd product} {ergonomic}
     bool UseParallelGC                            = true                                      {product} {command line}

Logging:
Log output configuration:
 #0: stdout all=off uptime,level,tags
 #1: stderr all=off uptime,level,tags

Environment Variables:
PATH=C:\Program Files (x86)\Common Files\Oracle\Java\javapath;C:\ProgramData\Oracle\Java\javapath;C:\Program Files (x86)\Intel\TXE Components\TCS\;C:\Program Files\Intel\TXE Components\TCS\;C:\WINDOWS\system32;C:\WINDOWS;C:\WINDOWS\System32\Wbem;C:\WINDOWS\System32\WindowsPowerShell\v1.0\;C:\Program Files\Intel\TXE Components\DAL\;C:\Program Files (x86)\Intel\TXE Components\DAL\;C:\Program Files\Intel\TXE Components\IPT\;C:\Program Files (x86)\Intel\TXE Components\IPT\;C:\Program Files\Intel\WiFi\bin\;C:\Program Files\Common Files\Intel\WirelessCommon\;C:\Program Files (x86)\Common Files\Intel Education\Application Support;C:\Program Files\Common Files\Intel Education\Application Support;C:\Program Files (x86)\Windows Live\Shared;C:\WINDOWS\System32\OpenSSH\;C:\Program Files\Git\cmd;C:\Program Files\nodejs\;C:\Program Files\Azure Data Studio\bin;D:\dotnet\x64\;C:\Program Files\MySQL\MySQL Shell 8.0\bin\;C:\Users\Alumno\AppData\Local\Programs\Python\Python36\Scripts\;C:\Users\Alumno\AppData\Local\Programs\Python\Python36\;C:\Users\Alumno\AppData\Local\Microsoft\WindowsApps;;C:\Users\Alumno\AppData\Local\Programs\Microsoft VS Code\bin;C:\Users\Alumno\AppData\Roaming\npm;C:\Program Files\Azure Data Studio\bin;C:\Users\Alumno\.dotnet\tools
USERNAME=Alumno
OS=Windows_NT
PROCESSOR_IDENTIFIER=Intel64 Family 6 Model 76 Stepping 4, GenuineIntel
TMP=C:\Users\Alumno\AppData\Local\Temp
TEMP=C:\Users\Alumno\AppData\Local\Temp



---------------  S Y S T E M  ---------------

OS:
 Windows 10 , 64 bit Build 19041 (10.0.19041.1889)
OS uptime: 0 days 8:06 hours

CPU: total 2 (initial active 2) (2 cores per cpu, 1 threads per core) family 6 model 76 stepping 4 microcode 0x411, cx8, cmov, fxsr, mmx, 3dnowpref, sse, sse2, sse3, ssse3, sse4.1, sse4.2, popcnt, tsc, tscinvbit, aes, erms, clmul, clflush

Memory: 4k page, system-wide physical 4000M (188M free)
TotalPageFile size 8223M (AvailPageFile size 2M)
current process WorkingSet (physical memory assigned to process): 60M, peak: 62M
current process commit charge ("private bytes"): 172M, peak: 176M

vm_info: OpenJDK 64-Bit Server VM (17.0.4.1+1) for windows-amd64 JRE (17.0.4.1+1), built on Aug 17 2022 07:42:43 by "temurin" with MS VC++ 16.7 (VS2019)

END.
